<?xml version="1.0" encoding="UTF-8"?>
<!-- Generated by org.testng.reporters.JUnitReportReporter -->
<testsuite skipped="0" hostname="DESKTOP-MPL4FM9" name="tests.PayBilling" tests="1" failures="0" timestamp="06 Jan 2020 13:53:09 GMT" time="17.089" errors="0">
  <testcase name="Pay_Billing" time="17.089" classname="tests.PayBilling"/>
</testsuite> <!-- tests.PayBilling -->
