<?xml version="1.0" encoding="UTF-8"?>
<!-- Generated by org.testng.reporters.JUnitReportReporter -->
<testsuite skipped="0" hostname="DESKTOP-MPL4FM9" name="tests.AddTariffPlan" tests="1" failures="0" timestamp="06 Jan 2020 13:53:08 GMT" time="39.666" errors="0">
  <testcase name="AddTarff_plan" time="39.666" classname="tests.AddTariffPlan"/>
</testsuite> <!-- tests.AddTariffPlan -->
